<?xml version="1.0" encoding="UTF-8"?>
<!-- Generated by org.testng.reporters.JUnitReportReporter -->
<testsuite hostname="DESKTOP-ICLD36V" failures="0" tests="2" name="test_suite.switch_tab" time="14.388" errors="0" timestamp="2024-07-05T22:02:13 IST" skipped="0">
  <testcase classname="test_suite.switch_tab" name="new_tab" time="13.194"/>
  <system-out/>
  <testcase classname="test_suite.switch_tab" name="login" time="1.194"/>
  <system-out/>
</testsuite> <!-- test_suite.switch_tab -->
