<?xml version="1.0" encoding="UTF-8"?>
<!-- Generated by org.testng.reporters.JUnitReportReporter -->
<testsuite hostname="DESKTOP-ICLD36V" failures="0" tests="3" name="test_suite.popup" time="24.832" errors="0" timestamp="2024-07-05T21:38:34 IST" skipped="0">
  <testcase classname="test_suite.popup" name="cnf_box" time="8.157"/>
  <system-out/>
  <testcase classname="test_suite.popup" name="alert_box" time="8.371"/>
  <system-out/>
  <testcase classname="test_suite.popup" name="prm_box" time="8.304"/>
  <system-out/>
</testsuite> <!-- test_suite.popup -->
